TN:
SF:/Users/armando/Projects/node-microservice-wrapper/index.js
FN:6,(anonymous_0)
FN:12,(anonymous_1)
FN:18,(anonymous_2)
FN:28,(anonymous_3)
FN:37,(anonymous_4)
FN:41,(anonymous_5)
FN:45,(anonymous_6)
FN:50,(anonymous_7)
FN:57,(anonymous_8)
FN:66,(anonymous_9)
FNF:10
FNH:10
FNDA:26,(anonymous_0)
FNDA:6,(anonymous_1)
FNDA:5,(anonymous_2)
FNDA:6,(anonymous_3)
FNDA:5,(anonymous_4)
FNDA:5,(anonymous_5)
FNDA:4,(anonymous_6)
FNDA:7,(anonymous_7)
FNDA:3,(anonymous_8)
FNDA:9,(anonymous_9)
DA:1,1
DA:2,1
DA:3,1
DA:7,26
DA:8,26
DA:9,26
DA:13,6
DA:14,6
DA:16,6
DA:19,5
DA:29,6
DA:38,5
DA:42,5
DA:46,4
DA:47,4
DA:51,7
DA:52,7
DA:54,7
DA:58,3
DA:60,3
DA:66,9
DA:70,1
LF:22
LH:22
BRDA:6,0,0,2
BRF:1
BRH:1
end_of_record
